[    0.000000] Initializing cgroup subsys cpuset
[  00000] nitializing cgroup subsyspu
[    0.000000] Itialin cgroup subsys cpuacct
[  0000000] Linux version 4.4.0-130-generic (buildd@lgw01-amd64-039) (gcc version 5.4.0 20160609 butu 5.4.0-6ubuntu1~16.04.9) ) #156-Ubuntu SMP Thu Jun 14 08:53:2UT 2018 (Ubuntu 4.4.0-130.156-generic 4.4.134)
[  0.000000] Command line: BOOT_IMAGE=/boot/vmlinuz-4.4.0-130-generic root=LABEL=cloudimg-rootfs ro console=tty1 console=ttyS0
[  0.000000] KERNEL supported cpus:
[    0.000000]   Intel GenuineIntel
[    0.000000]   AMD AuthenticAMD
[    0.000000]   Centaur CentaurHauls
[    0.000000] x86/fpu: xstate_offset[2]:  576, xstate_sizes[2]:  256
[    0.000000] x86/fpu: Supporting XSAVE feature 0x01: 'x87 floating point registers'
[    0.000000] x86/fpu: Supporting XSAVE feature 0x02: 'SSE registers'
[    0.000000] x86/fpu: Supporting XSAVE feature 0x04: 'AVX registers'
[    0.000000] x86/fpu: Enabled xstate features 0x7, contextize is 832 bbytes, using 'standard' format.
[    0.000000] x86/fpu: Using 'eager' FPU context switches.
[    0.000000] e820: BIOS-provided physical RAM map:
[    0.000000] BIOS-e820: [mem 0x0000000000000000-0x00000000009fbff] usable
[    0.000000] BIOS-e820: [mem 0x000000000009fc00-0x000000000009ffff] reserved
[    0.000000] BIOS-e820: [mem 0x00000000000f0000-0x00000000000fffff] reserved
[    0.000000] BIOS-e820: [mem 0x0000000000100000-0x00000000bcfeffff] usable
[    0.000000] BIOS-e820: [mem 0x00000000bcff0000-0x00000000bcffffff] ACPI data
[    0.000000] BIOS-e820: [mem 0x00000000fec00000-0x00000000fec00fff] reserved
[    0.000000] BIOS-e820: [mem 0x00000000fee00000-0x00000000fee00fff reserved
[    0.000000] BIOS-e820: [mem 0x00000000fffc0000-0x00000000ffffffff] reserved
[    0.000000] NX (Execute Disable) protection: active
[    0.000000] SMBIOS 2.5 present.
[    0.000000] Hypervisor detected: KVM
[    0.000000] e820: last_pfn = 0xbcff0 max_arch_pfn = 0x400000000
[    0.000000] MTRR: Disabled
[    0.000000] x86/PAT: MTRRs disabled, skipping PAT initialization too.
[    0.000000] CPU MTRRs all blank - virtualized system.
[    0.000000] x86/PAT: Configuration [0-7]: WB  WT  UC- UC  WB  WT  UC- UC  
[    0.000000] found SMP MP-table at [mem 0x0009fff0-0x0009ffff] mapped at [ffff88000009fff0]
[    0.000000] Scanning 1 areas for low memory corruption
[    0.000000] RAMDISK: [mem 0x36aa4000-0x37549fff]
[    0.000000] ACPI: Early table checksum verification disabled
[    0.000000] ACPI: RSDP 0x00000000000E0000 000024 (v02 VBOX  )
[    0.000000] ACPI: XSDT 0x00000000BCFF0030 00003C (v01 VBOX   VBOXXSDT 00000001 ASL  00000061)
[    0.000000] ACPI: FACP 0x00000000BCFF00F0 0000F4 (v04 VBOX   VBOXFACP 00000001 ASL  00000061)
[    0.000000] ACPI: DSDT 0x00000000BCFF0470 0021FF (v02 VBOX   VBOXBIOS 00000002 INTL 20100528)
[    0.000000] ACPI: FACS 0x00000000BCFF0200 000040
[    0.000000] ACPI: FACS 0x00000000BCFF0200 000040
[    0.000000] ACPI: APIC 0x00000000BCFF0240 00005C (v02 VBOX   VBOXAPIC 00000001 ASL  00000061)
[    0.000000] ACPI: SSDT 0x00000000BCFF02A0 0001CC (v01 VBOX   VBOXCPUT 00000002 INTL 20100528)
[    0.000000] No NUMA configuration found
[    0.000000] Faking a node at [mem 0x0000000000000000-0x00000000bcfeffff]
[    0.000000] NODE_DATA(0) allocated [mem 0xbcfeb000-0xbcfeffff]
[    0.000000] kvm-clock: Using msrs 4b564d01 and 4b564d00
[    0.000000] kvm-clock: cpu 0, msr 0:bcfe3001, primary cpu clock
[    0.000000] kvm-clock: using sched offset of 3823892565 cycles
[    0.000000] clocksource: kvm-clock: mask: 0xffffffffffffffff max_cycles: 0x1cd42e4dffb, max_idle_ns: 881590591483 ns
[    0.000000] Zone ranges:
[    0.000000]   DMA      [mem 0x0000000000001000-0x0000000000ffffff]
[   0.000000]   DMA32    [mem 0x0000000001000000-0x00000000bcfeffff]
[    0.000000]   Normal   empty
[    0.000000]   Device   empty
[    0.000000] Movable zone start for each node
[    0.000000] Early memory node ranges
[    0.000000]   node   0: [mem 0x0000000000001000-0x000000000009efff]
[    0.000000]   node   0: [mem 0x0000000000100000-0x00000000bcfeffff]
[    0.000000] Initmem setup node 0 [mem 0x0000000000001000-0x00000000bcfeffff]
[    0.000000] ACPI: PM-Timer IO Port: 0x4008
[    0.000000] IOAPIC[0]: apic_id 2, version 32, address 0xfec00000, GSI 0-23
[    0.000000] ACPI: INT_SRC_OVR (bus 0 bus_irq 0 global_irq 2 dfl dfl)
[    0.000000] ACPI: INT_SRC_OVR (bus 0 bus_irq 9 global_irq 9 low level)
[  0.000000] Using ACPI (MADT) for SMP configuration information
[  0.000000] smpboot: Allowing 2 CPUs, 0 hotplug CPUs
[    0.000000] PM: Registered nosave memory: [mem 0x00000000-0x00000fff]
[    0.000000] PM: Registered nosave memory: [mem 0x0009f000-0x0009ffff]
[  0.000000] PM: Registered nosave memory: [mem 0x000a0000-0x000effff]
[    0.000000] PM: Registered nosave memory: [mem 0x000f0000-0x000fffff]
[    0.000000] e820: [mem 0xbd000000-0xfebfffff] available for PCI devices
[    0.000000] Booting paravirtualized kernel on KVM
[    0.000000] clocksource: refined-jiffies: mask: 0xffffffff max_cycles: 0xffffffff, max_idle_ns: 7645519600211568 ns
[    0.000000] setup_percpu: NR_CPUS:512 nr_cpumask_bits:512 nr_cpu_ids:2 nr_node_ids:1
[    0.000000] PERCPU: Embedded 34 pages/cpu @ffff8800bca00000 s99544 r8192 d31528 u1048576
    0.000000] PV qspinlock hash table entries: 256 (order: 0, 4096 bytes)
[    0.000000] Built 1 zonelists in Node order, mobility grouping on.  Total pages: 761912
[    0.000000] Policy zone: DMA32
[    0.000000] Kernel command line: BOOT_IMAGE=/boot/vmlinuz-4.4.0-130-generic root=LABEL=cloudimg-rootfs ro console=tty1 console=ttyS0
[    0.000000] PID hash table entries: 4096 (order: 3, 32768 bytes)
[    0.000000] Memory: 3016848K/3096120K available (8546K kernel code, 1313K rwdata, 4000K rodata, 1516K init, 1316K bss, 79272K reserved, 0K cma-reserved)
[    0.000000] SLUB: HWalign=64, Order=0-3, MinObjects=0, CPUs=2, Nodes=1
[    0.000000] Kernel/User page tables isolation: enabled
[    0.000000] Hierarchical RCU implementation.
[    0.000000] 	Build-time adjustment of leaf fanout to 64.
[    0.000000] 	RCU restricting CPUs from NR_CPUS=512 to nr_cpu_ids=2.
[    0.000000] RCU: Adjusting geometry for rcu_fanout_leaf=64, nr_cpu_ids=2
[    0.000000] NR_IRQS:33024 nr_irqs:440 16
[    0.000000] Console: colour VGA+ 80x25
[    0.000000] console [tty1] enabled
[    0.000000] console [ttyS0] enabled
[    0.000000] tsc: Detected 1608.003 MHz processor
[    1.108717] Calibrating delay loop (skipped) preset value.. 3216.00 BogoMIPS (lpj=6432012)
[    1.111444] pid_max: default: 32768 minimum: 301
[    1.112816] ACPI: Core revision 20150930
[    1.116841] ACPI: 2 ACPI AML tables successfully acquired and loaded

[    1.118668] Security Framework initialized
[    1.119965] Yama: becoming mindful.
[    1.121143] AppArmor: AppArmor initialized
[    1.126125] Dentry cache hash table entries: 524288 (order: 10, 4194304 bytes)
[    1.132570] Inode-cache hash table entries: 262144 (order: 9, 2097152 bytes)
[    1.141085] Mount-cache hash table entries: 8192 (order: 4, 65536 bytes)
[    1.142820] Mountpoint-cache hash table entries: 8192 (order: 4, 65536 bytes)
[    1.148473] Initializing cgroup subsys io
[    1.149724] Initializing cgroup subsys memory
[    1.150995] Initializing cgroup subsys devices
[    1.152361] Initializing cgroup subsys freezer
[    1.153648] Initializing cgroup subsys net_cls
[    1.154947] Initializing cgroup subsys perf_event
[    1.156365] Initializing cgroup subsys net_prio
[    1.157708] Initializing cgroup subsys hugetlb
[    1.160256] Initializing cgroup subsys pids
[    1.161548] CPU: Physical Processor ID: 0
[    1.162715] CPU: Processor Core ID: 0
[    1.165658] mce: CPU supports 0 MCE banks
[    1.174282] Last level iTLB entries: 4KB 64, 2MB 8, 4MB 8
[    1.201040] Last level dTLB entries: 4KB 64, 2MB 0, 4MB 0, 1GB 4
[    1.212967] Spectre V2 : Mitigation: Full generic retpoline
[    1.227749] Spectre V2 : Speculation control IBPB not-supported IBRS not-supported
[    1.236780] Spectre V2 : Filling RSB on context switch
[    1.238778] Speculative Store Bypass: Vulnerable
[    1.243556] Freeing SMP alternatives memory: 32K
[    1.255812] ftrace: allocating 32245 entries in 126 pages
[    1.345965] smpboot: APIC(0) Converting physical 0 to logical package 0
[    1.370315] smpboot: Max logical packages: 1
[    1.373325] x2apic enabled
[    1.393458] Switched APIC routing to physical x2apic.
[    1.422614] ..TIMER: vector=0x30 apic1=0 pin1=2 apic2=-1 pin2=-1
[    1.559887] smpboot: CPU0: Intel(R) Core(TM) i7-7Y75 CPU @ 1.30GHz (family: 0x6, model: 0x8e, stepping: 0x9)
[    1.633750] Performance Events: unsupported p6 CPU model 142 no PMU driver, software events only.
[    1.686318] KVM setup paravirtual spinlock
[    1.695745] x86: Booting SMP configuration:
[    1.703714] .... node  #0, CPUs:      #1
[    1.715336] kvm-clock: cpu 1, msr 0:bcfe3041, secondary cpu clock
[    1.718462] mce: CPU supports 0 MCE banks
[    1.721312] x86: Booted up 1 node, 2 CPUs
[    1.722911] smpboot: Total of 2 processors activated (6432.01 BogoMIPS)
[    1.725258] devtmpfs: initialized
[    1.729021] evm: security.selinux
[    1.730124] evm: security.SMACK64
[    1.731155] evm: security.SMACK64EXEC
[    1.732279] evm: security.SMACK64TRANSMUTE
[    1.733518] evm: security.SMACK64MMAP
[    1.734664] evm: security.ima
[    1.735663] evm: security.capability
[    1.737112] clocksource: jiffies: mask: 0xffffffff max_cycles: 0xffffffff, max_idle_ns: 7645041785100000 ns
[    1.771825] futex hash table entries: 512 (order: 3, 32768 bytes)
[    1.773678] pinctrl core: initialized pinctrl subsystem
[    1.775234] RTC time: 12:14:13, date: 10/10/18
[    1.776714] NET: Registered protocol family 16
[    1.787689] cpuidle: using governor ladder
[    1.801374] cpuidle: using governor menu
[    1.802861] PCCT header not found.
[    1.804525] ACPI: bus type PCI registered
[    1.806563] acpiphp: ACPI Hot Plug PCI Controller Driver version: 0.5
[    1.809380] PCI: Using configuration type 1 for base access
[    1.838881] ACPI: Added _OSI(Module Device)
[    1.861313] ACPI: Added _OSI(Processor Device)
[    1.863457] ACPI: Added _OSI(3.0 _SCP Extensions)
[    1.871010] ACPI: Added _OSI(Processor Aggregator Device)
[    1.885534] ACPI: Executed 1 blocks of module-level executable AML code
[    1.894756] ACPI: Interpreter enabled
[    1.896547] ACPI: (supports S0 S5)
[    1.898004] ACPI: Using IOAPIC for interrupt routing
[    1.900138] PCI: Using host bridge windows from ACPI; if necessary, use "pci=nocrs" and report a bug
[    1.910728] ACPI: PCI Root Bridge [PCI0] (domain 0000 [bus 00-ff])
[    1.913413] acpi PNP0A03:00: _OSC: OS supports [ASPM ClockPM Segments MSI]
[    1.922064] acpi PNP0A03:00: _OSC: not requesting OS control; OS requires [ExtendedConfig ASPM ClockPM MSI]
[    1.924733] acpi PNP0A03:00: fail to add MMCONFIG information, can't access extended PCI configuration space under this bridge.
[    1.929679] PCI host bridge to bus 0000:00
[    1.931023] pci_bus 0000:00: root bus resource [io  0x0000-0x0cf7 window]
[    1.932810] pci_bus 0000:00: root bus resource [io  0x0d00-0xffff window]
[    1.934572] pci_bus 0000:00: root bus resource [mem 0x000a0000-0x000bffff window]
[    1.936785] pci_bus 0000:00: root bus resource [mem 0xbd000000-0xfdffffff window]
[    1.939010] pci_bus 0000:00: root bus resource [bus 00-ff]
[    1.942813] pci 0000:00:01.1: legacy IDE quirk: reg 0x10: [io  0x01f0-0x01f7]
[    1.960593] pci 0000:00:01.1: legacy IDE quirk: reg 0x14: [io  0x03f6]
[    1.962399] pci 0000:00:01.1: legacy IDE quirk: reg 0x18: [io  0x0170-0x0177]
[    1.964338] pci 0000:00:01.1: legacy IDE quirk: reg 0x1c: [io  0x0376]
[    2.001317] pci 0000:00:07.0: quirk: [io  0x4000-0x403f] claimed by PIIX4 ACPI
[    2.023481] pci 0000:00:07.0: quirk: [io  0x4100-0x410f] claimed by PIIX4 SMB
[    2.116430] ACPI: PCI Interrupt Link [LNKA] (IRQs 5 9 10 *11)
[    2.164117] ACPI: PCI Interrupt Link [LNKB] (IRQs 5 9 *10 11)
[    2.205963] ACPI: PCI Interrupt Link [LNKC] (IRQs 5 *9 10 11)
[    2.244358] ACPI: PCI Interrupt Link [LNKD] (IRQs 5 9 10 *11)
[    2.246714] ACPI: Enabled 2 GPEs in block 00 to 07
[    2.248715] vgaarb: setting as boot device: PCI:0000:00:02.0
[    2.250364] vgaarb: device added: PCI:0000:00:02.0,decodes=io+mem,owns=io+mem,locks=none
[    2.252786] vgaarb: loaded
[    2.253823] vgaarb: bridge control possible 0000:00:02.0
[    2.255656] SCSI subsystem initialized
[    2.257139] ACPI: bus type USB registered
[    2.258447] usbcore: registered new interface driver usbfs
[    2.260062] usbcore: registered new interface driver hub
[    2.261584] usbcore: registered new device driver usb
[    2.263457] PCI: Using ACPI for IRQ routing
[    2.265289] NetLabel: Initializing
[    2.266429] NetLabel:  domain hash size = 128
[    2.267742] NetLabel:  protocols = UNLABELED CIPSOv4
[    2.269199] NetLabel:  unlabeled traffic allowed by default
[    2.270971] amd_nb: Cannot enumerate AMD northbridges
[    2.272501] clocksource: Switched to clocksource kvm-clock
[    2.289700] AppArmor: AppArmor Filesystem Enabled
[  2034]npPnAC it  2.897] pnp: PnP ACPI: found 3 devices

[    3.003235] clocksource: acpi_pm: mask: 0xffffff max_cycles: 0xffffff, max_idle_ns: 2085701024 ns
[    3.028031] NET: Registered protocol family 2
[    3.030285] TCP established hash table entries: 32768 (order: 6, 262144 bytes)
[    3.033378] TCP bind hash table entries: 32768 (order: 7, 524288 bytes)
[    3.039873] TCP: Hash tables configured (established 32768 bind 32768)
[    3.058962] UDP hash table entries: 2048 (order: 4, 65536 bytes)
[    3.100143] UDP-Lite hash table entries: 2048 (order: 4, 65536 bytes)
[    3.122554] NET: Registered protocol family 1
[    3.133675] pci 0000:00:00.0: Limiting direct PCI/PCI transfers
[    3.144712] pci 0000:00:01.0: Activating ISA DMA hang workarounds
[    3.153912] Unpacking initramfs...
[    6.167286] Freeing initrd memory: 10904K
[    6.225051] platform rtc_cmos: registered platform RTC device (no PNP device found)
[    6.234988] Scanning for low memory corruption every 60 seconds
[    6.264485] audit: initializing netlink subsys (disabled)
[    6.279014] audit: type=2000 audit(1539173661.901:1): initialized
[    6.281150] Initialise system trusted keyring
[    6.282683] HugeTLB registered 2 MB page size, pre-allocated 0 pages
[    6.286216] zbud: loaded
[    6.287719] VFS: Disk quotas dquot_6.6.0
[    6.288981] VFS: Dquot-cache hash table entries: 512 (order 0, 4096 bytes)
[    6.291164] squashfs: version 4.0 (2009/01/31) Phillip Lougher
[    6.293104] fuse init (API version 7.23)
[    6.305510] Key type big_key registered
[    6.306782] Allocating IMA MOK and blacklist keyrings.
[    6.318347] Key type asymmetric registered
[    6.319622] Asymmetric key parser 'x509' registered
[    6.321118] Block layer SCSI generic (bsg) driver version 0.4 loaded (major 249)
[    6.323662] io scheduler noop registered
[    6.324888] io scheduler deadline registered (default)
[    6.326481] io scheduler cfq registered
[    6.327833] pci_hotplug: PCI Hot Plug PCI Core version: 0.5
[    6.329583] pciehp: PCI Express Hot Plug Controller Driver version: 0.4
[    6.331623] ACPI: AC Adapter [AC] (on-line)
[    6.333506] input: Power Button as /devices/LNXSYSTM:00/LNXPWRBN:00/input/input0
[    6.336511] ACPI: Power Button [PWRF]
[    6.338382] input: Sleep Button as /devices/LNXSYSTM:00/LNXSLPBN:00/input/input1
[    6.342199] ACPI: Sleep Button [SLPF]
[    6.344599] GHES: HEST is not enabled!
[    6.346116] ACPI: Battery Slot [BAT0] (battery present)
[    6.349235] Serial: 8250/16550 driver, 32 ports, IRQ sharing enabled
[    6.376473] 00:02: ttyS0 at I/O 0x3f8 (irq = 4, base_baud = 115200) is a 16550A
[    6.390333] Linux agpgart interface v0.103
[    6.394400] loop: module loaded
[    6.396328] scsi host0: ata_piix
[    6.397751] scsi host1: ata_piix
[    6.398897] ata1: PATA max UDMA/33 cmd 0x1f0 ctl 0x3f6 bmdma 0xd000 irq 14
[    6.400741] ata2: PATA max UDMA/33 cmd 0x170 ctl 0x376 bmdma 0xd008 irq 15
[    6.402741] libphy: Fixed MDIO Bus: probed
[    6.404135] tun: Universal TUN/TAP device driver, 1.6
[    6.405801] tun: (C) 1999-2004 Max Krasnyansky <maxk@qualcomm.com>
[    6.407571] PPP generic driver version 2.4.2
[    6.409003] ehci_hcd: USB 2.0 'Enhanced' Host Controller (EHCI) Driver
[    6.410764] ehci-pci: EHCI PCI platform driver
[    6.412103] ehci-platform: EHCI generic platform driver
[    6.413622] ohci_hcd: USB 1.1 'Open' Host Controller (OHCI) Driver
[    6.429409] ohci-pci: OHCI PCI platform driver
[    6.431274] ohci-platform: OHCI generic platform driver
[    6.432904] uhci_hcd: USB Universal Host Controller Interface driver
[    6.434905] i8042: PNP: PS/2 Controller [PNP0303:PS2K,PNP0f03:PS2M] at 0x60,0x64 irq 1,12
[    6.438230] serio: i8042 KBD port at 0x60,0x64 irq 1
[    6.439662] serio: i8042 AUX port at 0x60,0x64 irq 12
[    6.441249] mousedev: PS/2 mouse device common for all mice
[    6.443560] input: AT Translated Set 2 keyboard as /devices/platform/i8042/serio0/input/input2
[    6.446296] rtc_cmos rtc_cmos: rtc core: registered rtc_cmos as rtc0
[    6.448269] rtc_cmos rtc_cmos: alarms up to one day, 114 bytes nvram
[    6.450734] i2c /dev entries driver
[    6.452500] device-mapper: uevent: version 1.0.3
[    6.455117] device-mapper: ioctl: 4.34.0-ioctl (2015-10-28) initialised: dm-devel@redhat.com
[    6.465199] ledtrig-cpu: registered to indicate activity on CPUs
[    6.468262] NET: Registered protocol family 10
[    6.470401] NET: Registered protocol family 17
[    6.472463] Key type dns_resolver registered
[    6.475186] registered taskstats version 1
[    6.476854] Loading compiled-in X.509 certificates
[    6.486069] Loaded X.509 cert 'Build time autogenerated kernel key: b3e0fe4bcd6378c38a2c0a4648abbc1fa5043a22'
[    6.489897] zswap: loaded using pool lzo/zbud
[    6.494443] Key type trusted registered
[    6.501880] Key type encrypted registered
[    6.503843] AppArmor: AppArmor sha1 policy hashing enabled
[    6.506275] ima: No TPM chip found, activating TPM-bypass!
[    6.508942] ima: Allocated hash algorithm: sha1
[    6.510855] evm: HMAC attrs: 0x1
[    6.512975]   Magic number: 6:216:228
[    6.514790] rtc_cmos rtc_cmos: setting system clock to 2018-10-10 12:14:18 UTC (1539173658)
[    6.518707] BIOS EDD facility v0.16 2004-Jun-25, 0 devices found
[    6.521277] EDD information not available.
[    6.570524] Freeing unused kernel memory: 1516K
[    6.575264] Write protecting the kernel read-only data: 14336k
[    6.582566] Freeing unused kernel memory: 1680K
[    6.593193] Freeing unused kernel memory: 96K
Loading, please wait...
starting version[    7.187284] random: systemd-udevd: uninitialized urandom read (16 bytes read, 5 bits of entropy available)
 229
[    7.200656] random: systemd-udevd: uninitialized urandom read (16 bytes read, 5 bits of entropy available)
[    7.202487] random: udevadm: uninitialized urandom read (16 bytes read, 5 bits of entropy available)
[    7.202521] random: udevadm: uninitialized urandom read (16 bytes read, 5 bits of entropy available)
[    7.217308] random: systemd-udevd: uninitialized urandom read (16 bytes read, 5 bits of entropy available)
[    7.218791] random: udevadm: uninitialized urandom read (16 bytes read, 5 bits of entropy available)
[    7.218883] random: udevadm: uninitialized urandom read (16 bytes read, 5 bits of entropy available)
[    7.219210] random: udevadm: uninitialized urandom read (16 bytes read, 5 bits of entropy available)
[    7.219334] random: udevadm: uninitialized urandom read (16 bytes read, 5 bits of entropy available)
[    7.219445] random: udevadm: uninitialized urandom read (16 bytes read, 5 bits of entropy available)
[    7.276380] tsc: Refined TSC clocksource calibration: 1608.178 MHz
[    7.283956] clocksource: tsc: mask: 0xffffffffffffffff max_cycles: 0x172e5264fee, max_idle_ns: 440795208113 ns
[    7.331021] Fusion MPT base driver 3.04.20
[    7.332439] Copyright (c) 1999-2008 LSI Corporation
[    7.334480] e1000: Intel(R) PRO/1000 Network Driver - version 7.3.21-k8-NAPI
[    7.337306] e1000: Copyright (c) 1999-2006 Intel Corporation.
[    7.347589] Fusion MPT SPI Host driver 3.04.20
[    7.375713] AVX2 version of gcm_enc/dec engaged.
[    7.382516] AES CTR mode by8 optimization enabled
[    7.547729] input: ImExPS/2 Generic Explorer Mouse as /devices/platform/i8042/serio1/input/input4
[    7.814894] e1000 0000:00:03.0 eth0: (PCI:33MHz:32-bit) 02:2e:d6:ba:66:f8
[    7.823330] e1000 0000:00:03.0 eth0: Intel(R) PRO/1000 Network Connection
[    8.336510] e1000 0000:00:08.0 eth1: (PCI:33MHz:32-bit) 08:00:27:ae:ac:67
[    8.346724] e1000 0000:00:08.0 eth1: Intel(R) PRO/1000 Network Connection
[    8.377605] mptbase: ioc0: Initiating bringup
[    8.386241] e1000 0000:00:03.0 enp0s3: renamed from eth0
[    8.413343] e1000 0000:00:08.0 enp0s8: renamed from eth1
[    8.511481] ioc0: LSI53C1030 A0: Capabilities={Initiator}
[    9.651517] scsi host2: ioc0: LSI53C1030 A0, FwRev=00000000h, Ports=1, MaxQ=256, IRQ=20
[   10.145060] scsi 2:0:0:0: Direct-Access     VBOX     HARDDISK         1.0  PQ: 0 ANSI: 5
[   10.163313] scsi target2:0:0: Beginning Domain Validation
[   10.198013] scsi target2:0:0: Domain Validation skipping write tests
[   10.212060] scsi target2:0:0: Ending Domain Validation
[   10.289282] scsi target2:0:0: asynchronous
[   10.321230] scsi 2:0:1:0: Direct-Access     VBOX     HARDDISK         1.0  PQ: 0 ANSI: 5
[   10.352952] scsi target2:0:1: Beginning Domain Validation
[   10.358076] scsi target2:0:1: Domain Validation skipping write tests
[   10.375921] scsi target2:0:1: Ending Domain Validation
[   10.391539] scsi target2:0:1: asynchronous
[   10.415873] sd 2:0:0:0: Attached scsi generic sg0 type 0
[   10.417309] sd 2:0:0:0: [sda] 20971520 512-byte logical blocks: (10.7 GB/10.0 GiB)
[   10.419493] sd 2:0:0:0: [sda] Write Protect is off
[   10.420909] sd 2:0:0:0: [sda] Incomplete mode parameter data
[   10.421155] sd 2:0:1:0: [sdb] 20480 512-byte logical blocks: (10.5 MB/10.0 MiB)
[   10.421374] sd 2:0:1:0: [sdb] Write Protect is off
[   10.421514] sd 2:0:1:0: [sdb] Incomplete mode parameter data
[   10.421515] sd 2:0:1:0: [sdb] Assuming drive cache: write through
[   10.426025] sd 2:0:1:0: Attached scsi generic sg1 type 0
[   10.452091] sd 2:0:1:0: [sdb] Attached SCSI disk
[   10.457673] sd 2:0:0:0: [sda] Assuming drive cache: write through
[   10.461501]  sda: sda1
[   10.463476] sd 2:0:0:0: [sda] Attached SCSI disk
Begin: Loading essential drivers ... [   11.990707] md: linear personality registered for level -1
[   12.003800] md: multipath personality registered for level -4
[   12.008799] md: raid0 personality registered for level 0
[   12.020789] md: raid1 personality registered for level 1
[   12.092609] raid6: sse2x1   gen() 11051 MB/s
[   12.184825] raid6: sse2x1   xor()  8577 MB/s
[   12.260932] raid6: sse2x2   gen() 13887 MB/s
[   12.348786] raid6: sse2x2   xor()  9470 MB/s
[   12.424906] raid6: sse2x4   gen() 14901 MB/s
[   12.504899] raid6: sse2x4   xor()  8717 MB/s
[   12.580585] raid6: avx2x1   gen() 18774 MB/s
[   12.680610] raid6: avx2x2   gen() 22466 MB/s
[   12.752806] raid6: avx2x4   gen() 24305 MB/s
[   12.754221] raid6: using algorithm avx2x4 gen() 24305 MB/s
[   12.755916] raid6: using avx2x2 recovery algorithm
[   12.766536] xor: automatically using best checksumming function:
[   12.804541]    avx       : 18715.000 MB/sec
[   12.857912] async_tx: api initialized (async)
[   12.885018] md: raid6 personality registered for level 6
[   12.887069] md: raid5 personality registered for level 5
[   12.888802] md: raid4 personality registered for level 4
[   12.903903] md: raid10 personality registered for level 10
done.
Begin: Running /scripts/init-premount ... done.
Begin: Mounting root file system ... Begin: Running /scripts/local-top ... done.
Begin: Running /scripts/local-premount ... [   12.956636] Btrfs loaded
Scanning for Btrfs filesystems
done.
Warning: fsck not present, so skipping root file system
[   13.002079] EXT4-fs (sda1): mounted filesystem with ordered data mode. Opts: (null)
done.
Begin: Running /scripts/local-bottom ... done.
Begin: Running /scripts/init-bottom ... done.
[   13.163137] systemd[1]: systemd 229 running in system mode. (+PAM +AUDIT +SELINUX +IMA +APPARMOR +SMACK +SYSVINIT +UTMP +LIBCRYPTSETUP +GCRYPT +GNUTLS +ACL +XZ -LZ4 +SECCOMP +BLKID +ELFUTILS +KMOD -IDN)
[   13.234739] systemd[1]: Detected virtualization oracle.
[   13.242522] systemd[1]: Detected architecture x86-64.

Welcome to [1mUbuntu 16.04.4 LTS[0m!

[   13.249798] systemd[1]: Set hostname to <ubuntu>.
[   13.255669] systemd[1]: Initializing machine ID from random generator.
[   13.257592] systemd[1]: Installed transient /etc/machine-id file.
[   13.455674] systemd[1]: Listening on Device-mapper event daemon FIFOs.
[[0;32m  OK  [0m] Listening on Device-mapper event daemon FIFOs.
[   13.459820] systemd[1]: Started Forward Password Requests to Wall Directory Watch.
[[0;32m  OK  [0m] Started Forward Password Requests to Wall Directory Watch.
[   13.464510] systemd[1]: Reached target System Time Synchronized.
[[0;32m  OK  [0m] Reached target System Time Synchronized.
[   13.468601] systemd[1]: Started Trigger resolvconf update for networkd DNS.
[[0;32m  OK  [0m] Started Trigger resolvconf update for networkd DNS.
[   13.472732] systemd[1]: Listening on LVM2 metadata daemon socket.
[[0;32m  OK  [0m] Listening on LVM2 metadata daemon socket.
[   13.476580] systemd[1]: Listening on /dev/initctl Compatibility Named Pipe.
[[0;32m  OK  [0m] Listening on /dev/initctl Compatibility Named Pipe.
[   13.480640] systemd[1]: Reached target Swap.
[[0;32m  OK  [0m] Reached target Swap.
[   13.944787] systemd[1]: Listening on Journal Audit Socket.
[[0;32m  OK  [0m] Listening on Journal Audit Socket.
[ 142176] systemd[1]: Listening on Journal Socket (/dev/log).
[[0;32m  OK  [0m] Listening on Journal Socket (/dev/log).
[   14.171710] systemd[1]: Listening on udev Kernel Socket.
[[0;32m  OK  [0m] Listening on udev Kernel Socket.
[   14.307031] systemd[1]: Created slice System Slice.
[[0;32m  OK  [0m] Created slice System Slice.
[  14.578124] systemd[1]: Created slice stem-serl\2dgetty.slice.
[[0;32m  OK  [0m] Created slice system-serial\x2dgetty.slice.
[   14.799095] systemd[1]: Created slice User and Session Slice.
[[0;32m  OK  [0m] Created slice User and Session Slice.
[   14.803572] systemd[1]: Reached target Encrypted Volumes.
[[0;32m  OK  [0m] Reached target Encrypted Volumes.
[   14.806539] systemd[1]: Listening on Journal Socket.
[[0;32m  OK  [0m] Listening on Journal Socket.
[   14.821168] systemd[1]: Starting Create list of required static device nodes for the current kernel...
         Starting Create list of required st... nodes for the current kernel...
[   14.869774] systemd[1]: Starting Monitoring of LVM2 mirrors, snapshots etc. using dmeventd or progress polling...
         Starting Monitoring of LVM2 mirrors... dmeventd or progress polling...
[   14.949074] systemd[1]: Starting Uncomplicated firewall...
[   14.965674] random: nonblocking pool is initialized
         Starting Uncomplicated firewall...
[   14.997663] systemd[1]: Starting Nameserver information manager...
         Starting Nameserver information manager...
[   15.045574] systemd[1]: Starting Remount Root and Kernel File Systems...
         Starting Remount Root and Kernel[   15.065086] EXT4-fs (sda1): re-mounted. Opts: (null)
 File Systems...
[   15.113434] systemd[1]: Starting Set console keymap...
         Starting Set console keymap...
[   15.178963] systemd[1]: Starting Load Kernel Modules...
         Starting Load Kernel Modules...
[   15.203883] systemd[1]: Mounting Huge Pages File System...
         Mounting Huge Pa[   15.209769] Loading iSCSI transport class v2.0-870.
ges File System...
[   15.240177] systemd[1]: Mounting POSIX Message Queue File System...
         Mounting POSIX Message Queue File System...
[   15.244664] systemd[1]: Reached target Slices.
[[0;32m  OK  [0m] Reached target Slices.
[   15.254887] systemd[1]: Listening on LVM2 poll daemon socket.
[[0;32m  OK  [0m] Listening on LVM2 poll daemo[   15.261899] iscsi: registered transport (tcp)
n socket.
[   15.292736] systemd[1]: Mounting Debug File System...
         Mounting Debug File System...
[   15.296989] systemd[1]: Listening on Syslog Socket.
[[0;32m  OK  [[   15.302916] iscsi: registered transport (iser)
0m] Listening on Syslog Socket.
[   15.308042] systemd[1]: Starting Journal Service...
         Starting Journal Service...
[   15.316625] systemd[1]: Set up automount Arbitrary Executable File Formats File System Automount Point.
[[0;32m  OK  [0m] Set up automount Arbitrary Executab...ats File System Automount Point.
[   15.342282] systemd[1]: Reached target User and Group Name Lookups.
[[0;32m  OK  [0m] Reached target User and Group Name Lookups.
[   15.368673] systemd[1]: Listening on udev Control Socket.
[[0;32m  OK  [0m] Listening on udev Control Socket.
[   15.398007] systemd[1]: Mounted POSIX Message Queue File System.
[[0;32m  OK  [0m] Mounted POSIX Message Queue File System.
[   15.409224] systemd[1]: Mounted Huge Pages File System.
[[0;32m  OK  [0m] Mounted Huge Pages File System.
[   15.420780] systemd[1]: Mounted Debug File System.
[[0;32m  OK  [0m] Mounted Debug File System.
[   15.432866] systemd[1]: Started Journal Service.
[[0;32m  OK  [0m] Started Journal Service.
[[0;32m  OK  [0m] Started Create list of required sta...ce nodes for the current kernel.
[[0;32m  OK  [0m] Started Uncomplicated firewall.
[[0;32m  OK  [0m] Started Remount Root and Kernel File Systems.
[[0;32m  OK  [0m] Started Set console keymap.
[[0;32m  OK  [0m] Started Load Kernel Modules.
[[0;32m  OK  [0m] Started Nameserver information manager.
[[0;32m  OK  [0m] Started LVM2 metadata daemon.
         Mounting FUSE Control File System...
         Starting Apply Kernel Variables...
         Starting udev Coldplug all Devices...
         Starting Load/Save Random Seed...
         Starting Create Static Device Nodes in /dev...
         Starting Flush Journal to Persistent Storage...
[[0;32m  OK  [0m] Mounted FUSE Control File System.
[[0;32m  OK  [0m] Started Monitoring of LVM2 mirrors,...ng dmeventd or progress polling.
[[0;32m  OK  [0m] Started Apply Kernel Variables.
[[0;32m  OK  [0m] Started Load/Save Random Seed.
[[0;32m  OK  [0m] Started Create Static Device Nodes in /dev.
[[0;32m  OK  [0m] Started udev Coldplug all Devices.
         Starting udev Kernel Device Manager...
[[0;32m  OK  [0m] Started Flush Journal to Persistent Storage.
[[0;32m  OK  [0m] Started udev Kernel Device Manager.
[[0;32m  OK  [0m] Started Dispatch Password Requests to Console Directory Watch.
[[0;32m  OK  [0m] Reached target Local File Systems (Pre).
[[0;32m  OK  [0m] Reached target Local File Systems.
         Starting Set console font and keymap...
         Starting LSB: AppArmor initialization...
         Starting Commit a transient machine-id on disk...
         Starting Tell Plymouth To Write Out Runtime Data...
         Starting Initial cloud-init job (pre-networking)...
         Starting Create Volatile Files and Directories...
[[0;32m  OK  [0m] Started Commit a transient machine-id on disk.
[[0;32m  OK  [0m] Started Tell Plymouth To Write Out Runtime Data.
[[0;32m  OK  [0m] Started Create Volatile Files and Directories.
[[0;32m  OK  [0m] Started Set console font and keymap.
[[0;32m  OK  [0m] Found device /dev/ttyS0.
[[0;32m  OK  [0m] Listening on Load/Save RF Kill Switch Status /dev/rfkill Watch.
[[0;32m  OK  [0m] Created slice system-getty.slice.
[   16.742576] cloud-init[595]: Cloud-init v. 18.2 running 'init-local' at Wed, 10 Oct 2018 12:14:29 +0000. Up 15.87 seconds.
         Starting Update UTMP about System Boot/Shutdown...
[[0;32m  OK  [0m] Started Update UTMP about System Boot/Shutdown.
[[0;32m  OK  [0m] Started Initial cloud-init job (pre-networking).
[[0;32m  OK  [0m] Reached target Network (Pre).
[[0;32m  OK  [0m] Started LSB: AppArmor initialization.
         Starting Raise network interfaces...
[[0;32m  OK  [0m] Started Raise network interfaces.
[[0;32m  OK  [0m] Reached target Network.
         Starting Initial cloud-init job (metadata service crawler)...
[   20.680892] cloud-init[967]: Cloud-init v. 18.2 running 'init' at Wed, 10 Oct 2018 12:14:33 +0000. Up 19.47 seconds.
[   20.707671] cloud-init[967]: ci-info: ++++++++++++++++++++++++++++++++++++++Net device info++++++++++++++++++++++++++++++++++++++
[   20.741651] cloud-init[967]: ci-info: +--------+-------+----------------------------+---------------+-------+-------------------+
[   20.813413] cloud-init[967]: ci-info: | Device |   Up  |          Address           |      Mask     | Scope |     Hw-Address    |
[   20.814314] cloud-init[967]: ci-info: +--------+-------+----------------------------+---------------+-------+-------------------+
[   20.815558] cloud-init[967]: ci-info: | enp0s3 |  True |         10.0.2.15          | 255.255.255.0 |   .   | 02:2e:d6:ba:66:f8 |
[   20.817729] cloud-init[967]: ci-info: | enp0s3 |  True | fe80::2e:d6ff:feba:66f8/64 |       .       |  link | 02:2e:d6:ba:66:f8 |
[   20.819207] cloud-init[967]: ci-info: | enp0s8 | False |             .              |       .       |   .   | 08:00:27:ae:ac:67 |
[   20.820224] cloud-init[967]: ci-info: |   lo   |  True |         127.0.0.1          |   255.0.0.0   |   .   |         .         |
[[0;32m  OK  [0m] Started Initial cloud-init job (metadata service crawler).
[   20.820894] cloud-init[967]: ci-info: |   lo   |  True |          ::1/128           |       .       |  host |         .         |
[   21.277103] cloud-init[967]: ci-info: +--------+-------+----------------------------+---------------+-------+-------------------+
[   21.278660] cloud-init[967]: ci-info: +++++++++++++++++++++++++++Route IPv4 info++++++++++++++++++++++++++++
[   21.280127] cloud-init[967]: ci-info: +-------+-------------+----------+---------------+-----------+-------+
[   21.281373] cloud-init[967]: ci-info: | Route | Destination | Gateway  |    Genmask    | Interface | Flags |
[[0;32m  OK  [0m] Reached target Network is Online.
[   21.282550] cloud-init[967]: ci-info: +-------+-------------+----------+---------------+-----------+-------+
[   21.377137] cloud-init[967]: ci-info: |   0   |   0.0.0.0   | 10.0.2.2 |    0.0.0.0    |   enp0s3  |   UG  |
[   21.377549] cloud-init[967]: ci-info: |   1   |   10.0.2.0  | 0.0.0.0  | 255.255.255.0 |   enp0s3  |   U   |
[   21.377877] cloud-init[967]: ci-info: +-------+-------------+----------+---------------+-----------+-------+
[   21.378192] cloud-init[967]: Generating public/private rsa key pair.
[   21.378528] cloud-init[967]: Your identification has been saved in /etc/ssh/ssh_host_rsa_key.
[   21.378920] cloud-init[967]: Your public key has been saved in /etc/ssh/ssh_host_rsa_key.pub.
         Starting iSCSI initiator daemon (iscsid)...
[   21.379145] cloud-init[967]: The key fingerprint is:
[   21.498284] cloud-init[967]: SHA256:67OYBvdFZPDwf/Hs0dVC9ALcz9Nt/AAshABWPV3EDnU root@ubuntu-xenial
[   21.499748] cloud-init[967]: The key's randomart image is:
[   21.501139] cloud-init[967]: +---[RSA 2048]----+
[[0;32m  OK  [0m] Reached target System Initialization.
[   21.502619] cloud-init[967]: |    ooooo=.B=oE  |
[   21.578005] cloud-init[967]: |   .    ++* =+...|
[   21.579408] cloud-init[967]: |         +o+ .++*|
[   21.582960] cloud-init[967]: |          ... .BX|
[   21.584250] cloud-init[967]: |        S.  . .+*|
[   21.585409] cloud-init[967]: |    . .  ..  . .o|
[   21.586587] cloud-init[967]: |     o ...      .|
[[0;32m  OK  [0m] Listening on UUID daemon activation socket.
[   21.588019] cloud-init[967]: |      .+o        |
[   21.623377] cloud-init[967]: |     .o oo       |
[   21.624178] cloud-init[967]: +----[SHA256]-----+
[   21.624642] cloud-init[967]: Generating public/private dsa key pair.
[   21.625285] cloud-init[967]: Your identification has been saved in /etc/ssh/ssh_host_dsa_key.
[[0;32m  OK  [0m] Started Daily Cleanup of Temporary Directories.
[   21.625697] cloud-init[967]: Your public key has been saved in /etc/ssh/ssh_host_dsa_key.pub.
[   21.742715] cloud-init[967]: The key fingerprint is:
[   21.743561] cloud-init[967]: SHA256:0/XA4E4pKyOylO50DPtCDKwPZv5x/QLCdXgl8qVtNB4 root@ubuntu-xenial
[[0;32m  OK  [0m] Started ACPI Events Check.
[[   21.744004] cloud-init[967]: The key's randomart image is:
[   21.777563] cloud-init[967]: +---[DSA 1024]----+
[0;32m  OK  [0m] Reached target Paths.
[[   21.777778] cloud-init[967]: |          .      |
[   21.882666] cloud-init[967]: |     . . E +     |
[   21.884294] cloud-init[967]: |.     + X * +    |
[   21.884922] cloud-init[967]: |.. . o = X . o   |
[   21.885749] cloud-init[967]: |.o* o = S o   .  |
[   21.886585] cloud-init[967]: |o=oO o.o .       |
[   21.888985] cloud-init[967]: |++=.+...         |
[   21.889757] cloud-init[967]: | +ooo  ..        |
[   21.890501] cloud-init[967]: |  oo.   ..       |
[   21.891777] cloud-init[967]: +----[SHA256]-----+
[   21.893276] cloud-init[967]: Generating public/private ecdsa key pair.
[   21.894106] cloud-init[967]: Your identification has been saved in /etc/ssh/ssh_host_ecdsa_key.
[   21.894789] cloud-init[967]: Your public key has been saved in /etc/ssh/ssh_host_ecdsa_key.pub.
[0;32m  OK  [0m] Started Daily apt download activities.
[   21.895530] cloud-init[967]: The key fingerprint is:
[   22.347477] cloud-init[967]: SHA256:IaHA9PG1UP7kztIENfVc2cYmF7vN2tUy4mSstTPzwII root@ubuntu-xenial
[   22.350022] cloud-init[967]: The key's randomart image is:
[   22.351357] cloud-init[967]: +---[ECDSA 256]---+
[[0;32m  OK  [0m] Listening on D-Bus System Message Bus Socket.
[[   22.352482] cloud-init[967]: | oo . o.o o..  o=|
[   22.468336] cloud-init[967]: |  .o + = o . o.oB|
[   22.469507] cloud-init[967]: |    o o = .   o* |
[0;32m  OK  [0m] Listening on ACPID Listen Socket.
[[   22.471898] cloud-init[967]: |       . * .   .+|
[   22.497918] cloud-init[967]: |        S + * o.=|
[   22.498167] cloud-init[967]: |         * B o =.|
[   22.498470] cloud-init[967]: |        E * O . .|
[   22.498792] cloud-init[967]: |         . . *   |
[   22.499136] cloud-init[967]: |              .  |
[   22.499454] cloud-init[967]: +----[SHA256]-----+
[   22.499796] cloud-init[967]: Generating public/private ed25519 key pair.
[   22.500171] cloud-init[967]: Your identification has been saved in /etc/ssh/ssh_host_ed25519_key.
[   22.500406] cloud-init[967]: Your public key has been saved in /etc/ssh/ssh_host_ed25519_key.pub.
[   22.500699] cloud-init[967]: The key fingerprint is:
[   22.501010] cloud-init[967]: SHA256:0lLIoFv/8sZvgs3Ah9FKhrVNWh5MKCMbm+HjHE1xqP8 root@ubuntu-xenial
[0;32m  OK  [0m] Started Daily apt upgrade and clean activities.
[   22.501281] cloud-init[967]: The key's randomart image is:
[   22.626642] cloud-init[967]: +--[ED25519 256]--+
[   22.627103] cloud-init[967]: |    oo.+.        |
[   22.627534] cloud-init[967]: |  +.=+o.=        |
[   22.627975] cloud-init[967]: | ..@.=oO..       |
[   22.628801] cloud-init[967]: |  Ooo.*o+        |
[   22.629199] cloud-init[967]: | o.+ +++S        |
[   22.629716] cloud-init[967]: |  o . =+.        |
[   22.630088] cloud-init[967]: |     ..B.        |
[   22.630525] cloud-init[967]: |      Eo* .      |
[   22.630916] cloud-init[967]: |       ..+.      |
[   22.631336] cloud-init[967]: +----[SHA256]-----+
[[0;32m  OK  [0m] Reached target Timers.
         Starting LXD - unix socket.
         Starting Socket activation for snappy daemon.
[[0;32m  OK  [0m] Reached target Cloud-config availability.
[[0;32m  OK  [0m] Listening on LXD - unix socket.
[[0;32m  OK  [0m] Listening on Socket activation for snappy daemon.
[[0;32m  OK  [0m] Started iSCSI initiator daemon (iscsid).
         Starting Login to default iSCSI targets...
[[0;32m  OK  [0m] Reached target Sockets.
[[0;32m  OK  [0m] Reached target Basic System.
         Starting LSB: Record successful boot for GRUB...
         Starting Accounts Service...
[[0;32m  OK  [0m] Started D-Bus System Message Bus.
[[0;32m  OK  [0m] Started Regular background program processing daemon.
         Starting LSB: MD monitoring daemon...
[[0;32m  OK  [0m] Started ACPI event daemon.
         Starting Apply the settings specified in cloud-config...
         Starting LXD - container startup/shutdown...
         Starting Login Service...
[[0;32m  OK  [0m] Started Unattended Upgrades Shutdown.
         Starting Virtualbox guest utils...
         Starting System Logging Service...
         Starting /etc/rc.local Compatibility...
[[0;32m  OK  [0m] Started Deferred execution scheduler.
         Starting Snappy daemon...
         Starting Pollinate to seed the pseudo random number generator...
[[0;32m  OK  [0m] Started FUSE filesystem for LXC.
[[0;32m  OK  [0m] Started System Logging Service.
[[0;32m  OK  [0m] Started /etc/rc.local Compatibility.
[[0;32m  OK  [0m] Started Login to default iSCSI targets.
[[0;32m  OK  [0m] Started LSB: Record successful boot for GRUB.
[[0;32m  OK  [0m] Started LXD - container startup/shutdown.
[[0;32m  OK  [0m] Started LSB: MD monitoring daemon.
         Starting Authenticate and Authorize Users to Run Privileged Tasks...
[[0;32m  OK  [0m] Reached target Remote File Systems (Pre).
[[0;32m  OK  [0m] Reached target Remote File Systems.
         Starting LSB: Set the CPU Frequency Scaling governor to "ondemand"...
         Starting LSB: daemon to balance interrupts for SMP systems...
         Starting LSB: automatic crash report generation...
         Starting Permit User Sessions...
[[0;32m  OK  [0m] Started Snappy daemon.
[[0;32m  OK  [0m] Started Virtualbox guest utils.
[[0;32m  OK  [0m] Started Permit User Sessions.
[[0;32m  OK  [0m] Started Login Service.
[[0;32m  OK  [0m] Started Authenticate and Authorize Users to Run Privileged Tasks.
[[0;32m  OK  [0m] Started Accounts Service.
         Starting Hold until boot process finishes up...
         Starting Terminate Plymouth Boot Screen...
         Starting Wait until snapd is fully seeded...
[[0;32m  OK  [0m] Started LSB: Set the CPU Frequency Scaling governor to "ondemand".
[[0;32m  OK  [0m] Started LSB: daemon to balance interrupts for SMP systems.
[[0;32m  OK  [0m] Started LSB: automatic crash report generation.
[[0;32m  OK  [0m] Started Hold until boot process finishes up.
[[0;32m  OK  [0m] Started Terminate Plymouth Boot Screen.
         Starting Set console scheme...
[[0;32m  OK  [0m] Started Getty on tty1.
[[0;32m  OK  [0m] Started Serial Getty on ttyS0.
[[0;32m  OK  [0m] Reached target Login Prompts.
[[0;32m  OK  [0m] Started Pollinate to seed the pseudo random number generator.
[[0;32m  OK  [0m] Started Set console scheme.
         Starting OpenBSD Secure Shell server...
[[0;32m  OK  [0m] Started OpenBSD Secure Shell server.
[[0;32m  OK  [0m] Started Wait until snapd is fully seeded.
[[0;32m  OK  [0m] Reached target Multi-User System.
[[0;32m  OK  [0m] Reached target Graphical Interface.
[   24.543079] cloud-init[1091]: Generating locales (this might take a while)...
         Starting Update UTMP about System Runlevel Changes...
[[0;32m  OK  [0m] Started Update UTMP about System Runlevel Changes.
[[0;32m  OK  [0m] Created slice User Slice of vagrant.
         Starting User Manager for UID 1000...
[[0;32m  OK  [0m] Started Session 1 of user vagrant.
[[0;32m  OK  [0m] Started User Manager for UID 1000.
[   26.463694] cloud-init[1091]:   en_US.UTF-8... done
[   26.473279] cloud-init[1091]: Generation complete.
[   27.346756] cloud-init[1091]: Cloud-init v. 18.2 running 'modules:config' at Wed, 10 Oct 2018 12:14:37 +0000. Up 24.19 seconds.
[[0;32m  OK  [0m] Started Apply the settings specified in cloud-config.
         Starting Execute cloud user/final scripts...
ci-info: no authorized ssh keys fingerprints found for user ubuntu.
<14>Oct 10 12:14:42 ec2: 
<14>Oct 10 12:14:42 ec2: #############################################################
<14>Oct 10 12:14:42 ec2: -----BEGIN SSH HOST KEY FINGERPRINTS-----
<14>Oct 10 12:14:42 ec2: 1024 SHA256:0/XA4E4pKyOylO50DPtCDKwPZv5x/QLCdXgl8qVtNB4 root@ubuntu-xenial (DSA)
<14>Oct 10 12:14:42 ec2: 256 SHA256:IaHA9PG1UP7kztIENfVc2cYmF7vN2tUy4mSstTPzwII root@ubuntu-xenial (ECDSA)
<14>Oct 10 12:14:42 ec2: 256 SHA256:0lLIoFv/8sZvgs3Ah9FKhrVNWh5MKCMbm+HjHE1xqP8 root@ubuntu-xenial (ED25519)
<14>Oct 10 12:14:42 ec2: 2048 SHA256:67OYBvdFZPDwf/Hs0dVC9ALcz9Nt/AAshABWPV3EDnU root@ubuntu-xenial (RSA)
<14>Oct 10 12:14:42 ec2: -----END SSH HOST KEY FINGERPRINTS-----
<14>Oct 10 12:14:42 ec2: #############################################################
-----BEGIN SSH HOST KEY KEYS-----
ecdsa-sha2-nistp256 AAAAE2VjZHNhLXNoYTItbmlzdHAyNTYAAAAIbmlzdHAyNTYAAABBBMZyDsUCVyx5w40rQ6d80A7M7ZnulCDCCJlZ4I1wCyrlrfBGJ8vCCewZqudCx2eGc0jJY3cyXMPn2mX87yCgU1g= root@ubuntu-xenial
ssh-ed25519 AAAAC3NzaC1lZDI1NTE5AAAAIHYIpO0ej/+cWkRVej+BHhGH+dpBvp37/VbdyxqdJUQL root@ubuntu-xenial
ssh-rsa AAAAB3NzaC1yc2EAAAADAQABAAABAQDE2c35PFMEsN/hpBim9rD8zGLG6yy84UHCmh9hr99uXlCTrYdA7D/VHYg03VLd+1GCRW3YdBV61JEzr3JFrpYwOhqEmjHrzadkbA76zA4w++efZiXsWmZB41CRhQ+TFP+2o2qo2QmNAtUz9CeGv+uYEPEjWymOY/vawNOtjgYWPAGgLsoSVxPZzh3Ay+pYM8h6/dH4hV19rQ9THAUW/bEmR01DlXbbZuFAFDOq/KSS0OMNaPA0mzxwGxvq6QcJIPhq2t+KoGKoEQeMRKJQRoibVmgdLmv9z1C7a76p3BSLs9fZatdRHolUOdLuyGI5DkJ4oOrK5lOoJ9mYrd919kAZ root@ubuntu-xenial
-----END SSH HOST KEY KEYS-----
[   28.966323] cloud-init[1461]: Cloud-init v. 18.2 running 'modules:final' at Wed, 10 Oct 2018 12:14:42 +0000. Up 28.33 seconds.
[   28.977602] cloud-init[1461]: ci-info: no authorized ssh keys fingerprints found for user ubuntu.
[   28.983262] cloud-init[1461]: Cloud-init v. 18.2 finished at Wed, 10 Oct 2018 12:14:42 +0000. Datasource DataSourceNoCloud [seed=/dev/sdb][dsmode=net].  Up 28.94 seconds
[[0;32m  OK  [0m] Started Execute cloud user/final scripts.
[[0;32m  OK  [0m] Reached target Cloud-init target.

Ubuntu 16.04.4 LTS ubuntu-xenial ttyS0

ubuntu-xenial login: 